DiagnosticsPlugin.exe Information: 0 : [4/12/2017 2:18:36 AM] Starting DiagnosticPlugin.exe DiagnosticPlugin-ShutdownEvent DiagnosticPlugin-TotalShutdownEvent -wadVer1v5
DiagnosticsPlugin.exe Information: 0 : [4/12/2017 2:18:36 AM] Successfully saved IIS Directory state
DiagnosticsPlugin.exe Information: 0 : [4/12/2017 2:18:36 AM] Starting DiagnosticsPlugin
DiagnosticsPlugin.exe Information: 0 : [4/12/2017 2:18:36 AM] Emulator config file set to D:\VSProjects\DocumentManagement\DocumentManagement\csx\Debug\roles\DoucmentManagementWeb\approot\diagnostics.wadcfgx
DiagnosticsPlugin.exe Information: 0 : [4/12/2017 2:18:36 AM] DiagnosticsStoreRootPath set to: C:\Users\neilwang\AppData\Local\dftmp\Resources\5a7aaa6e-2460-4f16-8a41-2bef79c5e654
DiagnosticsPlugin.exe Information: 0 : [4/12/2017 2:18:36 AM] Loading config file: D:\VSProjects\DocumentManagement\DocumentManagement\csx\Debug\roles\DoucmentManagementWeb\approot\diagnostics.wadcfgx
DiagnosticsPlugin.exe Information: 0 : [4/12/2017 2:18:36 AM] Config file to read: D:\VSProjects\DocumentManagement\DocumentManagement\csx\Debug\roles\DoucmentManagementWeb\approot\diagnostics.wadcfgx
DiagnosticsPlugin.exe Information: 0 : [4/12/2017 2:18:36 AM] Checking VM Type
DiagnosticsPlugin.exe Information: 0 : [4/12/2017 2:18:36 AM] Emulator config file set to D:\VSProjects\DocumentManagement\DocumentManagement\csx\Debug\roles\DoucmentManagementWeb\approot\diagnostics.wadcfgx
DiagnosticsPlugin.exe Information: 0 : [4/12/2017 2:18:36 AM] Extension set to Emulator Mode
DiagnosticsPlugin.exe Information: 0 : [4/12/2017 2:18:36 AM] Reading XML configuration file
DiagnosticsPlugin.exe Information: 0 : [4/12/2017 2:18:36 AM] Bypassing private config decryption
DiagnosticsPlugin.exe Information: 0 : [4/12/2017 2:18:36 AM] WadCfg is provided in initial configuration. Using that to initialize Diagnostics.
DiagnosticsPlugin.exe Information: 0 : [4/12/2017 2:18:36 AM] <PublicConfig xmlns="http://schemas.microsoft.com/ServiceHosting/2010/10/DiagnosticsConfiguration">
  <WadCfg>
    <DiagnosticMonitorConfiguration overallQuotaInMB="4096">
      <DiagnosticInfrastructureLogs scheduledTransferLogLevelFilter="Error" />
      <Logs scheduledTransferPeriod="PT1M" scheduledTransferLogLevelFilter="Error" />
      <Directories scheduledTransferPeriod="PT1M">
        <IISLogs containerName="wad-iis-logfiles" />
        <FailedRequestLogs containerName="wad-failedrequestlogs" />
      </Directories>
      <WindowsEventLog scheduledTransferPeriod="PT1M">
        <DataSource name="Application!*[System[(Level=1 or Level=2 or Level=3)]]" />
        <DataSource name="Windows Azure!*[System[(Level=1 or Level=2 or Level=3 or Level=4)]]" />
      </WindowsEventLog>
      <CrashDumps containerName="wad-crashdumps" dumpType="Mini">
        <CrashDumpConfiguration processName="WaIISHost.exe" />
        <CrashDumpConfiguration processName="WaWorkerHost.exe" />
        <CrashDumpConfiguration processName="w3wp.exe" />
      </CrashDumps>
      <PerformanceCounters scheduledTransferPeriod="PT1M">
        <PerformanceCounterConfiguration counterSpecifier="\Memory\Available MBytes" sampleRate="PT3M" />
        <PerformanceCounterConfiguration counterSpecifier="\Web Service(_Total)\ISAPI Extension Requests/sec" sampleRate="PT3M" />
        <PerformanceCounterConfiguration counterSpecifier="\Web Service(_Total)\Bytes Total/Sec" sampleRate="PT3M" />
        <PerformanceCounterConfiguration counterSpecifier="\ASP.NET Applications(__Total__)\Requests/Sec" sampleRate="PT3M" />
        <PerformanceCounterConfiguration counterSpecifier="\ASP.NET Applications(__Total__)\Errors Total/Sec" sampleRate="PT3M" />
        <PerformanceCounterConfiguration counterSpecifier="\ASP.NET\Requests Queued" sampleRate="PT3M" />
        <PerformanceCounterConfiguration counterSpecifier="\ASP.NET\Requests Rejected" sampleRate="PT3M" />
        <PerformanceCounterConfiguration counterSpecifier="\Processor(_Total)\% Processor Time" sampleRate="PT3M" />
      </PerformanceCounters>
    </DiagnosticMonitorConfiguration>
  </WadCfg>
  <StorageAccount>devstoreaccount1</StorageAccount>
</PublicConfig>
DiagnosticsPlugin.exe Information: 0 : [4/12/2017 2:18:36 AM] Private setting is loaded
DiagnosticsPlugin.exe Information: 0 : [4/12/2017 2:18:36 AM] Is config json/xml loaded
DiagnosticsPlugin.exe Information: 0 : [4/12/2017 2:18:36 AM] Checking if configuration needs to be fetched from the storage account and doing so if needed.
DiagnosticsPlugin.exe Information: 0 : [4/12/2017 2:18:36 AM] Successfully created checkpoint file C:\Users\neilwang\AppData\Local\dftmp\Resources\5a7aaa6e-2460-4f16-8a41-2bef79c5e654\WAD0105\Configuration\Checkpoint.txt
DiagnosticsPlugin.exe Information: 0 : [4/12/2017 2:18:36 AM] Will use local resource directory C:\Users\neilwang\AppData\Local\dftmp\Resources\5a7aaa6e-2460-4f16-8a41-2bef79c5e654\WAD0105
DiagnosticsPlugin.exe Information: 0 : [4/12/2017 2:18:36 AM] Will use endpoint https://core.windows.net for storage.
DiagnosticsPlugin.exe Information: 0 : [4/12/2017 2:18:36 AM] Expanding path %SystemDrive%\inetpub\logs\LogFiles to C:\inetpub\logs\LogFiles
DiagnosticsPlugin.exe Information: 0 : [4/12/2017 2:18:36 AM] Expanding path %SystemDrive%\inetpub\logs\FailedReqLogFiles to C:\inetpub\logs\FailedReqLogFiles
DiagnosticsPlugin.exe Information: 0 : [4/12/2017 2:18:36 AM] Created IIS log watch item: "C:\inetpub\logs\LogFiles"
DiagnosticsPlugin.exe Information: 0 : [4/12/2017 2:18:36 AM] Created IIS failed requests watch item: "C:\inetpub\logs\FailedReqLogFiles"
DiagnosticsPlugin.exe Information: 0 : [4/12/2017 2:18:36 AM] Running in emulator mode, crash dumps not enabled
DiagnosticsPlugin.exe Information: 0 : [4/12/2017 2:18:36 AM] Checking to see if Application Insights extension needs to be configured.
DiagnosticsPlugin.exe Information: 0 : [4/12/2017 2:18:37 AM] In emulator mode and using devstore updating XStoreAccount info, command line args: -LocalPath "C:\Users\neilwang\AppData\Local\dftmp\Resources\5a7aaa6e-2460-4f16-8a41-2bef79c5e654\WAD0105"  -ConfigFile "C:\Users\neilwang\AppData\Local\dftmp\Resources\5a7aaa6e-2460-4f16-8a41-2bef79c5e654\WAD0105\Configuration\MaConfig.xml" -ShutDownEvent WADDM-ShutDown-9fd73b8867c5451194111d77caf86c20  -TotalShutDownEvent WADDM-TotalShutDown-9fd73b8867c5451194111d77caf86c20 -InitializedEvent WADM-StartUp-9fd73b8867c5451194111d77caf86c20 -parent 8528 -events -wadVer1v5 -UseProxyServer -XStoreAccounts WadAccount#true#devstoreaccount1#Eby8vdM02xNOcqFlqUwJPLlmEtlCDXJ1OUzFT50uSRZ6IFsuFq2UVErCz4I6tq/K1SZFPTOtr/KBHBeksoGMGw==#http://127.0.0.1:10002#http://127.0.0.1:10001#http://127.0.0.1:10000
